2015-11-26 11:16:11 Notice: Deprecated (16384): Property $layout is deprecated. Use $this->viewBuilder()->layout() instead in beforeRender(). in [/opt/lampp/htdocs/estoque-cakephp/vendor/cakephp/cakephp/src/View/ViewVarsTrait.php, line 98]
Trace:
Cake\Error\BaseErrorHandler::handleError() - CORE/src/Error/BaseErrorHandler.php, line 138
Cake\Controller\Controller::createView() - CORE/src/View/ViewVarsTrait.php, line 98
Cake\Controller\Controller::render() - CORE/src/Controller/Controller.php, line 597
Cake\Routing\Dispatcher::_invoke() - CORE/src/Routing/Dispatcher.php, line 120
Cake\Routing\Dispatcher::dispatch() - CORE/src/Routing/Dispatcher.php, line 87
[main] - ROOT/webroot/index.php, line 37



2015-11-26 11:24:32 Notice: Deprecated (16384): Property $layout is deprecated. Use $this->viewBuilder()->layout() instead in beforeRender(). in [/opt/lampp/htdocs/estoque-cakephp/vendor/cakephp/cakephp/src/View/ViewVarsTrait.php, line 98]
Trace:
Cake\Error\BaseErrorHandler::handleError() - CORE/src/Error/BaseErrorHandler.php, line 138
Cake\Controller\Controller::createView() - CORE/src/View/ViewVarsTrait.php, line 98
Cake\Controller\Controller::render() - CORE/src/Controller/Controller.php, line 597
Cake\Routing\Dispatcher::_invoke() - CORE/src/Routing/Dispatcher.php, line 120
Cake\Routing\Dispatcher::dispatch() - CORE/src/Routing/Dispatcher.php, line 87
[main] - ROOT/webroot/index.php, line 37



2015-11-26 11:26:45 Notice: Deprecated (16384): Property $layout is deprecated. Use $this->viewBuilder()->layout() instead in beforeRender(). in [/opt/lampp/htdocs/estoque-cakephp/vendor/cakephp/cakephp/src/View/ViewVarsTrait.php, line 98]
Trace:
Cake\Error\BaseErrorHandler::handleError() - CORE/src/Error/BaseErrorHandler.php, line 138
Cake\Controller\Controller::createView() - CORE/src/View/ViewVarsTrait.php, line 98
Cake\Controller\Controller::render() - CORE/src/Controller/Controller.php, line 597
Cake\Routing\Dispatcher::_invoke() - CORE/src/Routing/Dispatcher.php, line 120
Cake\Routing\Dispatcher::dispatch() - CORE/src/Routing/Dispatcher.php, line 87
[main] - ROOT/webroot/index.php, line 37



2015-11-26 11:27:30 Notice: Deprecated (16384): Property $layout is deprecated. Use $this->viewBuilder()->layout() instead in beforeRender(). in [/opt/lampp/htdocs/estoque-cakephp/vendor/cakephp/cakephp/src/View/ViewVarsTrait.php, line 98]
Trace:
Cake\Error\BaseErrorHandler::handleError() - CORE/src/Error/BaseErrorHandler.php, line 138
Cake\Controller\Controller::createView() - CORE/src/View/ViewVarsTrait.php, line 98
Cake\Controller\Controller::render() - CORE/src/Controller/Controller.php, line 597
Cake\Routing\Dispatcher::_invoke() - CORE/src/Routing/Dispatcher.php, line 120
Cake\Routing\Dispatcher::dispatch() - CORE/src/Routing/Dispatcher.php, line 87
[main] - ROOT/webroot/index.php, line 37



2015-11-26 11:29:06 Notice: Deprecated (16384): Property $layout is deprecated. Use $this->viewBuilder()->layout() instead in beforeRender(). in [/opt/lampp/htdocs/estoque-cakephp/vendor/cakephp/cakephp/src/View/ViewVarsTrait.php, line 98]
Trace:
Cake\Error\BaseErrorHandler::handleError() - CORE/src/Error/BaseErrorHandler.php, line 138
Cake\Controller\Controller::createView() - CORE/src/View/ViewVarsTrait.php, line 98
Cake\Controller\Controller::render() - CORE/src/Controller/Controller.php, line 597
Cake\Routing\Dispatcher::_invoke() - CORE/src/Routing/Dispatcher.php, line 120
Cake\Routing\Dispatcher::dispatch() - CORE/src/Routing/Dispatcher.php, line 87
[main] - ROOT/webroot/index.php, line 37



2015-11-26 11:29:22 Notice: Deprecated (16384): Property $layout is deprecated. Use $this->viewBuilder()->layout() instead in beforeRender(). in [/opt/lampp/htdocs/estoque-cakephp/vendor/cakephp/cakephp/src/View/ViewVarsTrait.php, line 98]
Trace:
Cake\Error\BaseErrorHandler::handleError() - CORE/src/Error/BaseErrorHandler.php, line 138
Cake\Controller\Controller::createView() - CORE/src/View/ViewVarsTrait.php, line 98
Cake\Controller\Controller::render() - CORE/src/Controller/Controller.php, line 597
Cake\Routing\Dispatcher::_invoke() - CORE/src/Routing/Dispatcher.php, line 120
Cake\Routing\Dispatcher::dispatch() - CORE/src/Routing/Dispatcher.php, line 87
[main] - ROOT/webroot/index.php, line 37



2015-11-26 11:29:38 Notice: Deprecated (16384): Property $layout is deprecated. Use $this->viewBuilder()->layout() instead in beforeRender(). in [/opt/lampp/htdocs/estoque-cakephp/vendor/cakephp/cakephp/src/View/ViewVarsTrait.php, line 98]
Trace:
Cake\Error\BaseErrorHandler::handleError() - CORE/src/Error/BaseErrorHandler.php, line 138
Cake\Controller\Controller::createView() - CORE/src/View/ViewVarsTrait.php, line 98
Cake\Controller\Controller::render() - CORE/src/Controller/Controller.php, line 597
Cake\Routing\Dispatcher::_invoke() - CORE/src/Routing/Dispatcher.php, line 120
Cake\Routing\Dispatcher::dispatch() - CORE/src/Routing/Dispatcher.php, line 87
[main] - ROOT/webroot/index.php, line 37



2015-11-26 11:29:45 Notice: Deprecated (16384): Property $layout is deprecated. Use $this->viewBuilder()->layout() instead in beforeRender(). in [/opt/lampp/htdocs/estoque-cakephp/vendor/cakephp/cakephp/src/View/ViewVarsTrait.php, line 98]
Trace:
Cake\Error\BaseErrorHandler::handleError() - CORE/src/Error/BaseErrorHandler.php, line 138
Cake\Controller\Controller::createView() - CORE/src/View/ViewVarsTrait.php, line 98
Cake\Controller\Controller::render() - CORE/src/Controller/Controller.php, line 597
Cake\Routing\Dispatcher::_invoke() - CORE/src/Routing/Dispatcher.php, line 120
Cake\Routing\Dispatcher::dispatch() - CORE/src/Routing/Dispatcher.php, line 87
[main] - ROOT/webroot/index.php, line 37



2015-11-26 11:33:18 Notice: Deprecated (16384): Property $layout is deprecated. Use $this->viewBuilder()->layout() instead in beforeRender(). in [/opt/lampp/htdocs/estoque-cakephp/vendor/cakephp/cakephp/src/View/ViewVarsTrait.php, line 98]
Trace:
Cake\Error\BaseErrorHandler::handleError() - CORE/src/Error/BaseErrorHandler.php, line 138
Cake\Controller\Controller::createView() - CORE/src/View/ViewVarsTrait.php, line 98
Cake\Controller\Controller::render() - CORE/src/Controller/Controller.php, line 597
Cake\Routing\Dispatcher::_invoke() - CORE/src/Routing/Dispatcher.php, line 120
Cake\Routing\Dispatcher::dispatch() - CORE/src/Routing/Dispatcher.php, line 87
[main] - ROOT/webroot/index.php, line 37



2015-11-26 12:02:08 Notice: Deprecated (16384): Property $layout is deprecated. Use $this->viewBuilder()->layout() instead in beforeRender(). in [/opt/lampp/htdocs/estoque-cakephp/vendor/cakephp/cakephp/src/View/ViewVarsTrait.php, line 98]
Trace:
Cake\Error\BaseErrorHandler::handleError() - CORE/src/Error/BaseErrorHandler.php, line 138
Cake\Controller\Controller::createView() - CORE/src/View/ViewVarsTrait.php, line 98
Cake\Controller\Controller::render() - CORE/src/Controller/Controller.php, line 597
Cake\Routing\Dispatcher::_invoke() - CORE/src/Routing/Dispatcher.php, line 120
Cake\Routing\Dispatcher::dispatch() - CORE/src/Routing/Dispatcher.php, line 87
[main] - ROOT/webroot/index.php, line 37



2015-11-26 15:03:20 Notice: Deprecated (16384): Property $layout is deprecated. Use $this->viewBuilder()->layout() instead in beforeRender(). in [/opt/lampp/htdocs/estoque-cakephp/vendor/cakephp/cakephp/src/View/ViewVarsTrait.php, line 98]
Trace:
Cake\Error\BaseErrorHandler::handleError() - CORE/src/Error/BaseErrorHandler.php, line 138
Cake\Controller\Controller::createView() - CORE/src/View/ViewVarsTrait.php, line 98
Cake\Controller\Controller::render() - CORE/src/Controller/Controller.php, line 597
Cake\Routing\Dispatcher::_invoke() - CORE/src/Routing/Dispatcher.php, line 120
Cake\Routing\Dispatcher::dispatch() - CORE/src/Routing/Dispatcher.php, line 87
[main] - ROOT/webroot/index.php, line 37



2015-11-26 16:36:43 Notice: Deprecated (16384): Property $layout is deprecated. Use $this->viewBuilder()->layout() instead in beforeRender(). in [/opt/lampp/htdocs/estoque-cakephp/vendor/cakephp/cakephp/src/View/ViewVarsTrait.php, line 98]
Trace:
Cake\Error\BaseErrorHandler::handleError() - CORE/src/Error/BaseErrorHandler.php, line 138
Cake\Controller\Controller::createView() - CORE/src/View/ViewVarsTrait.php, line 98
Cake\Controller\Controller::render() - CORE/src/Controller/Controller.php, line 597
Cake\Routing\Dispatcher::_invoke() - CORE/src/Routing/Dispatcher.php, line 120
Cake\Routing\Dispatcher::dispatch() - CORE/src/Routing/Dispatcher.php, line 87
[main] - ROOT/webroot/index.php, line 37



2015-11-26 16:36:47 Notice: Deprecated (16384): Property $layout is deprecated. Use $this->viewBuilder()->layout() instead in beforeRender(). in [/opt/lampp/htdocs/estoque-cakephp/vendor/cakephp/cakephp/src/View/ViewVarsTrait.php, line 98]
Trace:
Cake\Error\BaseErrorHandler::handleError() - CORE/src/Error/BaseErrorHandler.php, line 138
Cake\Controller\Controller::createView() - CORE/src/View/ViewVarsTrait.php, line 98
Cake\Controller\Controller::render() - CORE/src/Controller/Controller.php, line 597
Cake\Routing\Dispatcher::_invoke() - CORE/src/Routing/Dispatcher.php, line 120
Cake\Routing\Dispatcher::dispatch() - CORE/src/Routing/Dispatcher.php, line 87
[main] - ROOT/webroot/index.php, line 37



2015-11-26 16:45:08 Notice: Deprecated (16384): Property $layout is deprecated. Use $this->viewBuilder()->layout() instead in beforeRender(). in [/opt/lampp/htdocs/estoque-cakephp/vendor/cakephp/cakephp/src/View/ViewVarsTrait.php, line 98]
Trace:
Cake\Error\BaseErrorHandler::handleError() - CORE/src/Error/BaseErrorHandler.php, line 138
Cake\Controller\Controller::createView() - CORE/src/View/ViewVarsTrait.php, line 98
Cake\Controller\Controller::render() - CORE/src/Controller/Controller.php, line 597
Cake\Routing\Dispatcher::_invoke() - CORE/src/Routing/Dispatcher.php, line 120
Cake\Routing\Dispatcher::dispatch() - CORE/src/Routing/Dispatcher.php, line 87
[main] - ROOT/webroot/index.php, line 37



2015-11-26 16:45:14 Notice: Deprecated (16384): Property $layout is deprecated. Use $this->viewBuilder()->layout() instead in beforeRender(). in [/opt/lampp/htdocs/estoque-cakephp/vendor/cakephp/cakephp/src/View/ViewVarsTrait.php, line 98]
Trace:
Cake\Error\BaseErrorHandler::handleError() - CORE/src/Error/BaseErrorHandler.php, line 138
Cake\Controller\Controller::createView() - CORE/src/View/ViewVarsTrait.php, line 98
Cake\Controller\Controller::render() - CORE/src/Controller/Controller.php, line 597
Cake\Routing\Dispatcher::_invoke() - CORE/src/Routing/Dispatcher.php, line 120
Cake\Routing\Dispatcher::dispatch() - CORE/src/Routing/Dispatcher.php, line 87
[main] - ROOT/webroot/index.php, line 37



2015-11-26 16:46:19 Notice: Deprecated (16384): Property $layout is deprecated. Use $this->viewBuilder()->layout() instead in beforeRender(). in [/opt/lampp/htdocs/estoque-cakephp/vendor/cakephp/cakephp/src/View/ViewVarsTrait.php, line 98]
Trace:
Cake\Error\BaseErrorHandler::handleError() - CORE/src/Error/BaseErrorHandler.php, line 138
Cake\Controller\Controller::createView() - CORE/src/View/ViewVarsTrait.php, line 98
Cake\Controller\Controller::render() - CORE/src/Controller/Controller.php, line 597
Cake\Routing\Dispatcher::_invoke() - CORE/src/Routing/Dispatcher.php, line 120
Cake\Routing\Dispatcher::dispatch() - CORE/src/Routing/Dispatcher.php, line 87
[main] - ROOT/webroot/index.php, line 37



2015-11-26 16:46:44 Notice: Deprecated (16384): Property $layout is deprecated. Use $this->viewBuilder()->layout() instead in beforeRender(). in [/opt/lampp/htdocs/estoque-cakephp/vendor/cakephp/cakephp/src/View/ViewVarsTrait.php, line 98]
Trace:
Cake\Error\BaseErrorHandler::handleError() - CORE/src/Error/BaseErrorHandler.php, line 138
Cake\Controller\Controller::createView() - CORE/src/View/ViewVarsTrait.php, line 98
Cake\Controller\Controller::render() - CORE/src/Controller/Controller.php, line 597
Cake\Routing\Dispatcher::_invoke() - CORE/src/Routing/Dispatcher.php, line 120
Cake\Routing\Dispatcher::dispatch() - CORE/src/Routing/Dispatcher.php, line 87
[main] - ROOT/webroot/index.php, line 37



2015-11-26 16:46:48 Notice: Deprecated (16384): Property $layout is deprecated. Use $this->viewBuilder()->layout() instead in beforeRender(). in [/opt/lampp/htdocs/estoque-cakephp/vendor/cakephp/cakephp/src/View/ViewVarsTrait.php, line 98]
Trace:
Cake\Error\BaseErrorHandler::handleError() - CORE/src/Error/BaseErrorHandler.php, line 138
Cake\Controller\Controller::createView() - CORE/src/View/ViewVarsTrait.php, line 98
Cake\Controller\Controller::render() - CORE/src/Controller/Controller.php, line 597
Cake\Routing\Dispatcher::_invoke() - CORE/src/Routing/Dispatcher.php, line 120
Cake\Routing\Dispatcher::dispatch() - CORE/src/Routing/Dispatcher.php, line 87
[main] - ROOT/webroot/index.php, line 37



2015-11-26 16:47:36 Notice: Deprecated (16384): Property $layout is deprecated. Use $this->viewBuilder()->layout() instead in beforeRender(). in [/opt/lampp/htdocs/estoque-cakephp/vendor/cakephp/cakephp/src/View/ViewVarsTrait.php, line 98]
Trace:
Cake\Error\BaseErrorHandler::handleError() - CORE/src/Error/BaseErrorHandler.php, line 138
Cake\Controller\Controller::createView() - CORE/src/View/ViewVarsTrait.php, line 98
Cake\Controller\Controller::render() - CORE/src/Controller/Controller.php, line 597
Cake\Routing\Dispatcher::_invoke() - CORE/src/Routing/Dispatcher.php, line 120
Cake\Routing\Dispatcher::dispatch() - CORE/src/Routing/Dispatcher.php, line 87
[main] - ROOT/webroot/index.php, line 37



2015-11-26 16:54:46 Notice: Deprecated (16384): Property $layout is deprecated. Use $this->viewBuilder()->layout() instead in beforeRender(). in [/opt/lampp/htdocs/estoque-cakephp/vendor/cakephp/cakephp/src/View/ViewVarsTrait.php, line 98]
Trace:
Cake\Error\BaseErrorHandler::handleError() - CORE/src/Error/BaseErrorHandler.php, line 138
Cake\Controller\Controller::createView() - CORE/src/View/ViewVarsTrait.php, line 98
Cake\Controller\Controller::render() - CORE/src/Controller/Controller.php, line 597
Cake\Routing\Dispatcher::_invoke() - CORE/src/Routing/Dispatcher.php, line 120
Cake\Routing\Dispatcher::dispatch() - CORE/src/Routing/Dispatcher.php, line 87
[main] - ROOT/webroot/index.php, line 37



2015-11-26 16:54:49 Notice: Deprecated (16384): Property $layout is deprecated. Use $this->viewBuilder()->layout() instead in beforeRender(). in [/opt/lampp/htdocs/estoque-cakephp/vendor/cakephp/cakephp/src/View/ViewVarsTrait.php, line 98]
Trace:
Cake\Error\BaseErrorHandler::handleError() - CORE/src/Error/BaseErrorHandler.php, line 138
Cake\Controller\Controller::createView() - CORE/src/View/ViewVarsTrait.php, line 98
Cake\Controller\Controller::render() - CORE/src/Controller/Controller.php, line 597
Cake\Routing\Dispatcher::_invoke() - CORE/src/Routing/Dispatcher.php, line 120
Cake\Routing\Dispatcher::dispatch() - CORE/src/Routing/Dispatcher.php, line 87
[main] - ROOT/webroot/index.php, line 37



2015-11-26 16:55:08 Notice: Deprecated (16384): Property $layout is deprecated. Use $this->viewBuilder()->layout() instead in beforeRender(). in [/opt/lampp/htdocs/estoque-cakephp/vendor/cakephp/cakephp/src/View/ViewVarsTrait.php, line 98]
Trace:
Cake\Error\BaseErrorHandler::handleError() - CORE/src/Error/BaseErrorHandler.php, line 138
Cake\Controller\Controller::createView() - CORE/src/View/ViewVarsTrait.php, line 98
Cake\Controller\Controller::render() - CORE/src/Controller/Controller.php, line 597
Cake\Routing\Dispatcher::_invoke() - CORE/src/Routing/Dispatcher.php, line 120
Cake\Routing\Dispatcher::dispatch() - CORE/src/Routing/Dispatcher.php, line 87
[main] - ROOT/webroot/index.php, line 37



2015-11-26 16:55:21 Notice: Deprecated (16384): Property $layout is deprecated. Use $this->viewBuilder()->layout() instead in beforeRender(). in [/opt/lampp/htdocs/estoque-cakephp/vendor/cakephp/cakephp/src/View/ViewVarsTrait.php, line 98]
Trace:
Cake\Error\BaseErrorHandler::handleError() - CORE/src/Error/BaseErrorHandler.php, line 138
Cake\Controller\Controller::createView() - CORE/src/View/ViewVarsTrait.php, line 98
Cake\Controller\Controller::render() - CORE/src/Controller/Controller.php, line 597
Cake\Routing\Dispatcher::_invoke() - CORE/src/Routing/Dispatcher.php, line 120
Cake\Routing\Dispatcher::dispatch() - CORE/src/Routing/Dispatcher.php, line 87
[main] - ROOT/webroot/index.php, line 37



2015-11-26 16:56:40 Notice: Deprecated (16384): Property $layout is deprecated. Use $this->viewBuilder()->layout() instead in beforeRender(). in [/opt/lampp/htdocs/estoque-cakephp/vendor/cakephp/cakephp/src/View/ViewVarsTrait.php, line 98]
Trace:
Cake\Error\BaseErrorHandler::handleError() - CORE/src/Error/BaseErrorHandler.php, line 138
Cake\Controller\Controller::createView() - CORE/src/View/ViewVarsTrait.php, line 98
Cake\Controller\Controller::render() - CORE/src/Controller/Controller.php, line 597
Cake\Routing\Dispatcher::_invoke() - CORE/src/Routing/Dispatcher.php, line 120
Cake\Routing\Dispatcher::dispatch() - CORE/src/Routing/Dispatcher.php, line 87
[main] - ROOT/webroot/index.php, line 37



2015-11-26 16:57:03 Notice: Notice (8): Undefined variable: produto in [/opt/lampp/htdocs/estoque-cakephp/src/Template/Produtos/novo.ctp, line 2]
Trace:
Cake\Error\BaseErrorHandler::handleError() - CORE/src/Error/BaseErrorHandler.php, line 138
include - APP/Template/Produtos/novo.ctp, line 2
Cake\View\View::_evaluate() - CORE/src/View/View.php, line 970
Cake\View\View::_render() - CORE/src/View/View.php, line 930
Cake\View\View::render() - CORE/src/View/View.php, line 578
Cake\Controller\Controller::render() - CORE/src/Controller/Controller.php, line 598
Cake\Routing\Dispatcher::_invoke() - CORE/src/Routing/Dispatcher.php, line 120
Cake\Routing\Dispatcher::dispatch() - CORE/src/Routing/Dispatcher.php, line 87
[main] - ROOT/webroot/index.php, line 37



2015-11-26 16:57:03 Notice: Deprecated (16384): Property $layout is deprecated. Use $this->viewBuilder()->layout() instead in beforeRender(). in [/opt/lampp/htdocs/estoque-cakephp/vendor/cakephp/cakephp/src/View/ViewVarsTrait.php, line 98]
Trace:
Cake\Error\BaseErrorHandler::handleError() - CORE/src/Error/BaseErrorHandler.php, line 138
Cake\Controller\Controller::createView() - CORE/src/View/ViewVarsTrait.php, line 98
Cake\Controller\Controller::render() - CORE/src/Controller/Controller.php, line 597
Cake\Routing\Dispatcher::_invoke() - CORE/src/Routing/Dispatcher.php, line 120
Cake\Routing\Dispatcher::dispatch() - CORE/src/Routing/Dispatcher.php, line 87
[main] - ROOT/webroot/index.php, line 37



2015-11-26 16:57:52 Notice: Deprecated (16384): Property $layout is deprecated. Use $this->viewBuilder()->layout() instead in beforeRender(). in [/opt/lampp/htdocs/estoque-cakephp/vendor/cakephp/cakephp/src/View/ViewVarsTrait.php, line 98]
Trace:
Cake\Error\BaseErrorHandler::handleError() - CORE/src/Error/BaseErrorHandler.php, line 138
Cake\Controller\Controller::createView() - CORE/src/View/ViewVarsTrait.php, line 98
Cake\Controller\Controller::render() - CORE/src/Controller/Controller.php, line 597
Cake\Routing\Dispatcher::_invoke() - CORE/src/Routing/Dispatcher.php, line 120
Cake\Routing\Dispatcher::dispatch() - CORE/src/Routing/Dispatcher.php, line 87
[main] - ROOT/webroot/index.php, line 37



2015-11-26 17:12:07 Notice: Deprecated (16384): Property $layout is deprecated. Use $this->viewBuilder()->layout() instead in beforeRender(). in [/opt/lampp/htdocs/estoque-cakephp/vendor/cakephp/cakephp/src/View/ViewVarsTrait.php, line 98]
Trace:
Cake\Error\BaseErrorHandler::handleError() - CORE/src/Error/BaseErrorHandler.php, line 138
Cake\Controller\Controller::createView() - CORE/src/View/ViewVarsTrait.php, line 98
Cake\Controller\Controller::render() - CORE/src/Controller/Controller.php, line 597
Cake\Routing\Dispatcher::_invoke() - CORE/src/Routing/Dispatcher.php, line 120
Cake\Routing\Dispatcher::dispatch() - CORE/src/Routing/Dispatcher.php, line 87
[main] - ROOT/webroot/index.php, line 37



2015-11-26 17:13:01 Notice: Deprecated (16384): Property $layout is deprecated. Use $this->viewBuilder()->layout() instead in beforeRender(). in [/opt/lampp/htdocs/estoque-cakephp/vendor/cakephp/cakephp/src/View/ViewVarsTrait.php, line 98]
Trace:
Cake\Error\BaseErrorHandler::handleError() - CORE/src/Error/BaseErrorHandler.php, line 138
Cake\Controller\Controller::createView() - CORE/src/View/ViewVarsTrait.php, line 98
Cake\Controller\Controller::render() - CORE/src/Controller/Controller.php, line 597
Cake\Routing\Dispatcher::_invoke() - CORE/src/Routing/Dispatcher.php, line 120
Cake\Routing\Dispatcher::dispatch() - CORE/src/Routing/Dispatcher.php, line 87
[main] - ROOT/webroot/index.php, line 37



2015-11-26 17:13:05 Notice: Deprecated (16384): Property $layout is deprecated. Use $this->viewBuilder()->layout() instead in beforeRender(). in [/opt/lampp/htdocs/estoque-cakephp/vendor/cakephp/cakephp/src/View/ViewVarsTrait.php, line 98]
Trace:
Cake\Error\BaseErrorHandler::handleError() - CORE/src/Error/BaseErrorHandler.php, line 138
Cake\Controller\Controller::createView() - CORE/src/View/ViewVarsTrait.php, line 98
Cake\Controller\Controller::render() - CORE/src/Controller/Controller.php, line 597
Cake\Routing\Dispatcher::_invoke() - CORE/src/Routing/Dispatcher.php, line 120
Cake\Routing\Dispatcher::dispatch() - CORE/src/Routing/Dispatcher.php, line 87
[main] - ROOT/webroot/index.php, line 37



2015-11-26 17:13:07 Notice: Deprecated (16384): Property $layout is deprecated. Use $this->viewBuilder()->layout() instead in beforeRender(). in [/opt/lampp/htdocs/estoque-cakephp/vendor/cakephp/cakephp/src/View/ViewVarsTrait.php, line 98]
Trace:
Cake\Error\BaseErrorHandler::handleError() - CORE/src/Error/BaseErrorHandler.php, line 138
Cake\Controller\Controller::createView() - CORE/src/View/ViewVarsTrait.php, line 98
Cake\Controller\Controller::render() - CORE/src/Controller/Controller.php, line 597
Cake\Routing\Dispatcher::_invoke() - CORE/src/Routing/Dispatcher.php, line 120
Cake\Routing\Dispatcher::dispatch() - CORE/src/Routing/Dispatcher.php, line 87
[main] - ROOT/webroot/index.php, line 37



2015-11-26 17:13:19 Notice: Deprecated (16384): Property $layout is deprecated. Use $this->viewBuilder()->layout() instead in beforeRender(). in [/opt/lampp/htdocs/estoque-cakephp/vendor/cakephp/cakephp/src/View/ViewVarsTrait.php, line 98]
Trace:
Cake\Error\BaseErrorHandler::handleError() - CORE/src/Error/BaseErrorHandler.php, line 138
Cake\Controller\Controller::createView() - CORE/src/View/ViewVarsTrait.php, line 98
Cake\Controller\Controller::render() - CORE/src/Controller/Controller.php, line 597
Cake\Routing\Dispatcher::_invoke() - CORE/src/Routing/Dispatcher.php, line 120
Cake\Routing\Dispatcher::dispatch() - CORE/src/Routing/Dispatcher.php, line 87
[main] - ROOT/webroot/index.php, line 37



