2015-11-26 11:24:32 Error: [Cake\View\Exception\MissingTemplateException] Template file "Produtos/index.ctp" is missing.
Exception Attributes: array (
  'file' => 'Produtos/index.ctp',
)
Request URL: /estoque-cakephp/produtos
Stack Trace:
#0 /opt/lampp/htdocs/estoque-cakephp/vendor/cakephp/cakephp/src/View/View.php(575): Cake\View\View->_getViewFileName(NULL)
#1 /opt/lampp/htdocs/estoque-cakephp/vendor/cakephp/cakephp/src/Controller/Controller.php(598): Cake\View\View->render(NULL, NULL)
#2 /opt/lampp/htdocs/estoque-cakephp/vendor/cakephp/cakephp/src/Routing/Dispatcher.php(120): Cake\Controller\Controller->render()
#3 /opt/lampp/htdocs/estoque-cakephp/vendor/cakephp/cakephp/src/Routing/Dispatcher.php(87): Cake\Routing\Dispatcher->_invoke(Object(App\Controller\ProdutosController))
#4 /opt/lampp/htdocs/estoque-cakephp/webroot/index.php(37): Cake\Routing\Dispatcher->dispatch(Object(Cake\Network\Request), Object(Cake\Network\Response))
#5 {main}


2015-11-26 16:54:49 Error: [Cake\Controller\Exception\MissingActionException] Action ProdutosController::novo() could not be found, or is not accessible.
Exception Attributes: array (
  'controller' => 'ProdutosController',
  'action' => 'novo',
  'prefix' => '',
  'plugin' => NULL,
)
Request URL: /estoque-cakephp/produtos/novo
Stack Trace:
#0 /opt/lampp/htdocs/estoque-cakephp/vendor/cakephp/cakephp/src/Routing/Dispatcher.php(114): Cake\Controller\Controller->invokeAction()
#1 /opt/lampp/htdocs/estoque-cakephp/vendor/cakephp/cakephp/src/Routing/Dispatcher.php(87): Cake\Routing\Dispatcher->_invoke(Object(App\Controller\ProdutosController))
#2 /opt/lampp/htdocs/estoque-cakephp/webroot/index.php(37): Cake\Routing\Dispatcher->dispatch(Object(Cake\Network\Request), Object(Cake\Network\Response))
#3 {main}


2015-11-26 16:55:08 Error: [Cake\View\Exception\MissingTemplateException] Template file "Produtos/novo.ctp" is missing.
Exception Attributes: array (
  'file' => 'Produtos/novo.ctp',
)
Request URL: /estoque-cakephp/produtos/novo
Stack Trace:
#0 /opt/lampp/htdocs/estoque-cakephp/vendor/cakephp/cakephp/src/View/View.php(575): Cake\View\View->_getViewFileName(NULL)
#1 /opt/lampp/htdocs/estoque-cakephp/vendor/cakephp/cakephp/src/Controller/Controller.php(598): Cake\View\View->render(NULL, NULL)
#2 /opt/lampp/htdocs/estoque-cakephp/vendor/cakephp/cakephp/src/Routing/Dispatcher.php(120): Cake\Controller\Controller->render()
#3 /opt/lampp/htdocs/estoque-cakephp/vendor/cakephp/cakephp/src/Routing/Dispatcher.php(87): Cake\Routing\Dispatcher->_invoke(Object(App\Controller\ProdutosController))
#4 /opt/lampp/htdocs/estoque-cakephp/webroot/index.php(37): Cake\Routing\Dispatcher->dispatch(Object(Cake\Network\Request), Object(Cake\Network\Response))
#5 {main}


2015-11-26 17:12:07 Error: [Cake\Controller\Exception\MissingActionException] Action ProdutosController::salvar() could not be found, or is not accessible.
Exception Attributes: array (
  'controller' => 'ProdutosController',
  'action' => 'salvar',
  'prefix' => '',
  'plugin' => NULL,
)
Request URL: /estoque-cakephp/produtos/salvar
Stack Trace:
#0 /opt/lampp/htdocs/estoque-cakephp/vendor/cakephp/cakephp/src/Routing/Dispatcher.php(114): Cake\Controller\Controller->invokeAction()
#1 /opt/lampp/htdocs/estoque-cakephp/vendor/cakephp/cakephp/src/Routing/Dispatcher.php(87): Cake\Routing\Dispatcher->_invoke(Object(App\Controller\ProdutosController))
#2 /opt/lampp/htdocs/estoque-cakephp/webroot/index.php(37): Cake\Routing\Dispatcher->dispatch(Object(Cake\Network\Request), Object(Cake\Network\Response))
#3 {main}


2015-11-26 17:13:01 Error: [Cake\Controller\Exception\MissingActionException] Action ProdutosController::salvar() could not be found, or is not accessible.
Exception Attributes: array (
  'controller' => 'ProdutosController',
  'action' => 'salvar',
  'prefix' => '',
  'plugin' => NULL,
)
Request URL: /estoque-cakephp/produtos/salvar
Stack Trace:
#0 /opt/lampp/htdocs/estoque-cakephp/vendor/cakephp/cakephp/src/Routing/Dispatcher.php(114): Cake\Controller\Controller->invokeAction()
#1 /opt/lampp/htdocs/estoque-cakephp/vendor/cakephp/cakephp/src/Routing/Dispatcher.php(87): Cake\Routing\Dispatcher->_invoke(Object(App\Controller\ProdutosController))
#2 /opt/lampp/htdocs/estoque-cakephp/webroot/index.php(37): Cake\Routing\Dispatcher->dispatch(Object(Cake\Network\Request), Object(Cake\Network\Response))
#3 {main}


2015-11-26 17:13:07 Error: [Cake\Controller\Exception\MissingActionException] Action ProdutosController::salvar() could not be found, or is not accessible.
Exception Attributes: array (
  'controller' => 'ProdutosController',
  'action' => 'salvar',
  'prefix' => '',
  'plugin' => NULL,
)
Request URL: /estoque-cakephp/produtos/salvar
Stack Trace:
#0 /opt/lampp/htdocs/estoque-cakephp/vendor/cakephp/cakephp/src/Routing/Dispatcher.php(114): Cake\Controller\Controller->invokeAction()
#1 /opt/lampp/htdocs/estoque-cakephp/vendor/cakephp/cakephp/src/Routing/Dispatcher.php(87): Cake\Routing\Dispatcher->_invoke(Object(App\Controller\ProdutosController))
#2 /opt/lampp/htdocs/estoque-cakephp/webroot/index.php(37): Cake\Routing\Dispatcher->dispatch(Object(Cake\Network\Request), Object(Cake\Network\Response))
#3 {main}


2015-11-26 17:13:19 Error: [Cake\View\Exception\MissingTemplateException] Template file "Produtos/salvar.ctp" is missing.
Exception Attributes: array (
  'file' => 'Produtos/salvar.ctp',
)
Request URL: /estoque-cakephp/produtos/salvar
Stack Trace:
#0 /opt/lampp/htdocs/estoque-cakephp/vendor/cakephp/cakephp/src/View/View.php(575): Cake\View\View->_getViewFileName(NULL)
#1 /opt/lampp/htdocs/estoque-cakephp/vendor/cakephp/cakephp/src/Controller/Controller.php(598): Cake\View\View->render(NULL, NULL)
#2 /opt/lampp/htdocs/estoque-cakephp/vendor/cakephp/cakephp/src/Routing/Dispatcher.php(120): Cake\Controller\Controller->render()
#3 /opt/lampp/htdocs/estoque-cakephp/vendor/cakephp/cakephp/src/Routing/Dispatcher.php(87): Cake\Routing\Dispatcher->_invoke(Object(App\Controller\ProdutosController))
#4 /opt/lampp/htdocs/estoque-cakephp/webroot/index.php(37): Cake\Routing\Dispatcher->dispatch(Object(Cake\Network\Request), Object(Cake\Network\Response))
#5 {main}


